* 0.073250:*:cli:run!: doom sync
* 0.073344:*:cli:context-parse: found command (doom)
* 0.073549:*:cli:load: autoload /home/ralldi/.doom/lisp/cli/sync.el
* 0.073578:*:cli:load: ~/.doom/lisp/cli/sync.el nil
* 0.073714:*:cli:load: ~/.doom/lisp/cli/packages nil
* 0.079430:*:cli:context-parse: found command (doom sync)
* 0.079647:*:cli:context-execute: doom sync
* 0.079918:*:cli:execute: (:before) ((input) (context . #s(doom-cli-context (25528 18433 801192 448000) 520413 1 (98 . 23) nil nil doom nil nil (doom sync) nil (sync) ((--jobs) (-j) (-p) (-u) (-c) (-e) (--eval) (-E) (--strict-load) (--load) (-L) (--color) (--benchmark) (--profile) (--pager) (--emacsdir) (--doomdir) (--verbose) (-v) (--debug) (-D) (--force) (-!)) ((t) ((doom sync)) ((doom) sync))  *doom-cli stdin*  *doom-cli stdout*  *doom-cli stderr* nil)) (_) (evals) (loads) (color?) (bench?) (profile) (pager) (emacsdir) (doomdir) (verbose?) (debug?) (force?))
* 0.079969:*:cli:execute: (:before doom build) nil
* 0.079990:*:cli:Initializing straight
* 0.080011::context: +packages (cli t)
* 0.080032::context:module: =[0 -110 -110 :core nil nil nil]
* 0.112955:*:cli:Initializing recipes
* 0.115399:*:cli:Installing core packages
* 0.115431:*:cli:execute: (doom sync) ((jobs) (purge?) (update?) (noelc?) (noenvvar?))
> Synchronizing "default" profile...
  * 0.115988:*:cli:call: (doom sync) -> (doom env)
  * 0.116063:*:cli:context-parse: found command (doom)
  * 0.116221:*:cli:load: autoload /home/ralldi/.doom/lisp/cli/env.el
  * 0.116257:*:cli:load: ~/.doom/lisp/cli/env.el nil
  * 0.117764:*:cli:context-parse: found command (doom env)
  * 0.117972:*:cli:context-execute: doom env
  * 0.118215:*:cli:execute: (:before) ((input) (context . #s(doom-cli-context (25528 18433 801192 448000) 520413 1 (98 . 23) nil nil doom nil nil (doom env) nil (sync) ((--deny) (-d) (--allow) (-a) (-o) (--deny-all) (--allow-all) (--jobs) (-j) (-p) (-u) (-c) (-e) (--eval) (-E) (--strict-load) (--load) (-L) (--color) (--benchmark) (--profile) (--pager) (--emacsdir) (--doomdir) (--verbose) (-v) (--debug) (-D) (--force) (-!)) ((t) ((doom env)) ((doom) env))  *doom-cli stdin*  *doom-cli stdout*  *doom-cli stderr* nil)) (_) (evals) (loads) (color?) (bench?) (profile) (pager) (emacsdir) (doomdir) (verbose?) (debug?) (force?))
  * 0.118266:*:cli:execute: (doom env) ((rules) (output-file) (deny-only) (allow-only))
  > Regenerating envvars file
    * 0.118764:*:cli:cli:env: deny DBUS_SESSION_BUS_ADDRESS
    * 0.118944:*:cli:cli:env: deny XDG_RUNTIME_DIR
    * 0.119004:*:cli:cli:env: deny XDG_VTNR
    * 0.119078:*:cli:cli:env: deny SHLVL
    * 0.119113:*:cli:cli:env: deny DISPLAY
    * 0.119136:*:cli:cli:env: deny USER
    * 0.119173:*:cli:cli:env: deny __DOOMPID
    * 0.119225:*:cli:cli:env: deny TERM
    * 0.119288:*:cli:cli:env: deny XDG_SESSION_CLASS
    * 0.119357:*:cli:cli:env: deny __DOOMGPIPE
    * 0.119457:*:cli:cli:env: deny HOME
    * 0.119571:*:cli:cli:env: deny XAUTHORITY
    * 0.119637:*:cli:cli:env: deny XDG_SESSION_TYPE
    * 0.119708:*:cli:cli:env: deny PWD
    * 0.119743:*:cli:cli:env: deny XDG_SEAT
    * 0.119812:*:cli:cli:env: deny __DOOMSTEP
    * 0.119854:*:cli:cli:env: deny __DOOMGEOM
    * 0.119915:*:cli:cli:env: deny SSH_AGENT_PID
    * 0.120004:*:cli:cli:env: deny SSH_AUTH_SOCK
    * 0.120097:*:cli:cli:env: deny __DOOMPIPE
    ✓ Generated ~/.doom/.local/env
  * 0.120902:*:cli:Initializing package.el
  * 0.162337:*:cli:Initializing straight.el
  * 0.162747::context: +packages (cli t)
  * 0.162777::context:module: =[1 105 -105 :user nil nil nil]
  * 0.165740::context:module: =[2 -111 -111 :config use-package nil nil]
  * 0.166048::context:module: =[0 -110 -110 :core nil nil nil]
  * 0.170439::context:module: =[1 105 -105 :user nil nil nil]
  * 0.173355::context:module: =[3 0 0 :completion company nil nil]
  * 0.173970::context:module: =[4 0 0 :completion ivy nil nil]
  * 0.176196::context:module: =[5 0 0 :completion vertico nil nil]
  * 0.178258::context:module: =[6 0 0 :ui doom nil nil]
  * 0.178741::context:module: =[7 0 0 :ui doom-dashboard nil nil]
  * 0.178774::context:module: =[8 0 0 :ui emoji (+unicode) nil]
  * 0.179069::context:module: =[9 0 0 :ui hl-todo nil nil]
  * 0.179360::context:module: =[10 0 0 :ui indent-guides nil nil]
  * 0.179671::context:module: =[11 0 0 :ui ligatures nil nil]
  * 0.179707::context:module: =[12 0 0 :ui modeline nil nil]
  * 0.180488::context:module: =[13 0 0 :ui ophints nil nil]
  * 0.180914::context:module: =[14 0 0 :ui popup (+defaults) nil]
  * 0.180945::context:module: =[15 0 0 :ui vc-gutter (+pretty) nil]
  * 0.181356::context:module: =[16 0 0 :ui vi-tilde-fringe nil nil]
  * 0.181655::context:module: =[17 0 0 :ui workspaces nil nil]
  * 0.181952::context:module: =[18 0 0 :editor evil (+everywhere) nil]
  * 0.185248::context:module: =[19 0 0 :editor file-templates nil nil]
  * 0.185551::context:module: =[20 0 0 :editor fold nil nil]
  * 0.186382::context:module: =[21 0 0 :editor snippets nil nil]
  * 0.187038::context:module: =[22 0 0 :editor word-wrap nil nil]
  * 0.187333::context:module: =[23 0 0 :emacs dired nil nil]
  * 0.188526::context:module: =[24 0 0 :emacs electric nil nil]
  * 0.188559::context:module: =[25 0 0 :emacs undo nil nil]
  * 0.189135::context:module: =[26 0 0 :emacs vc nil nil]
  * 0.190442::context:module: =[27 0 0 :term eshell nil nil]
  * 0.191926::context:module: =[28 0 0 :term shell nil nil]
  * 0.192220::context:module: =[29 0 0 :term term nil nil]
  * 0.192689::context:module: =[30 0 0 :term vterm nil nil]
  * 0.193663::context:module: =[31 0 0 :checkers syntax nil nil]
  * 0.194261::context:module: =[32 0 0 :checkers spell (+flyspell) nil]
  * 0.195244::context:module: =[33 0 0 :checkers grammar nil nil]
  * 0.195722::context:module: =[34 0 0 :tools editorconfig nil nil]
  * 0.196023::context:module: =[35 0 0 :tools eval (+overlay) nil]
  * 0.196499::context:module: =[36 0 0 :tools gist nil nil]
  * 0.196794::context:module: =[37 0 0 :tools lookup nil nil]
  * 0.198624::context:module: =[38 0 0 :tools magit nil nil]
  * 0.199644::context:module: =[39 0 0 :tools make nil nil]
  * 0.199949::context:module: =[40 0 0 :tools pdf nil nil]
  * 0.200411::context:module: =[41 0 0 :tools rgb nil nil]
  * 0.200884::context:module: =[42 0 0 :tools tree-sitter nil nil]
  * 0.201536::context:module: =[43 0 0 :lang emacs-lisp nil nil]
  * 0.203173::context:module: =[44 0 0 :lang json nil nil]
  * 0.203822::context:module: =[45 0 0 :lang lua nil nil]
  * 0.204662::context:module: =[46 0 0 :lang markdown nil nil]
  * 0.205611::context:module: =[47 0 0 :lang org nil nil]
  * 0.212307::context:module: =[48 0 0 :lang python nil nil]
  * 0.214814::context:module: =[49 0 0 :lang rust (+lsp) nil]
  * 0.215116::context:module: =[50 0 0 :lang sh nil nil]
  * 0.215681::context:module: =[51 0 0 :lang yaml nil nil]
  * 0.215976::context:module: =[52 0 0 :email mu4e (+org +gmail) nil]
  * 0.216448::context:module: =[53 0 0 :config default (+bindings +smartparens) nil]
  * 0.217220::context:module: =[1 105 -105 :user nil nil nil]
  > Installing packages...
    - No packages need to be installed
  > (Re)building packages...
    - No packages need rebuilding
  > Purging orphaned packages (for the emperor)...
    - Skipping builds
    - Skipping elpa packages
    - Skipping repos
    - Skipping regrafting
    - Skipping native bytecode
  > (Re)building profile in /home/ralldi/.doom/.local/etc/@/...
    > Deleting old init files...
    > Generating 4 init files...
    > Byte-compiling ~/.doom/.local/etc/@init.28.el...
    ✓ Built init.28.elc
  - Restart Emacs or use 'M-x doom/reload' for changes to take effect
* 0.803982:*:cli:Finished (GCs: 1, elapsed: 0.005999s)
* 0.803982:*:cli:Finished (GCs: 1, elapsed: 0.005999s)
