* 0.075437:*:cli:run!: doom sync -e
* 0.075530:*:cli:context-parse: found command (doom)
* 0.075735:*:cli:load: autoload /home/ralldi/.doom/lisp/cli/sync.el
* 0.075765:*:cli:load: ~/.doom/lisp/cli/sync.el nil
* 0.075909:*:cli:load: ~/.doom/lisp/cli/packages nil
* 0.081563:*:cli:context-parse: found command (doom sync)
* 0.081754:*:cli:context-parse: found switch "-e"
* 0.081995:*:cli:context-execute: doom sync
* 0.082269:*:cli:execute: (:before) ((input) (context . #s(doom-cli-context (25528 18843 828786 591000) 523380 1 (139 . 18) nil nil doom nil nil (doom sync) nil (sync -e) ((--jobs) (-j) (-p) (-u) (-c) (-e . -e) (--eval) (-E) (--strict-load) (--load) (-L) (--color) (--benchmark) (--profile) (--pager) (--emacsdir) (--doomdir) (--verbose) (-v) (--debug) (-D) (--force) (-!)) ((t) ((doom sync) -e) ((doom) sync -e))  *doom-cli stdin*  *doom-cli stdout*  *doom-cli stderr* nil)) (_) (evals) (loads) (color?) (bench?) (profile) (pager) (emacsdir) (doomdir) (verbose?) (debug?) (force?))
* 0.082315:*:cli:execute: (:before doom build) nil
* 0.082337:*:cli:Initializing straight
* 0.082358::context: +packages (cli t)
* 0.082377::context:module: =[0 -110 -110 :core nil nil nil]
* 0.115026:*:cli:Initializing recipes
* 0.117575:*:cli:Installing core packages
* 0.117608:*:cli:execute: (doom sync) ((jobs) (purge?) (update?) (noelc?) (noenvvar? . -e))
> Synchronizing "default" profile...
  * 0.118148:*:cli:Initializing package.el
  * 0.159831:*:cli:Initializing straight.el
  * 0.160241::context: +packages (cli t)
  * 0.160268::context:module: =[1 105 -105 :user nil nil nil]
  * 0.163231::context:module: =[2 -111 -111 :config use-package nil nil]
  * 0.163545::context:module: =[0 -110 -110 :core nil nil nil]
  * 0.168066::context:module: =[1 105 -105 :user nil nil nil]
  * 0.170973::context:module: =[3 0 0 :completion company nil nil]
  * 0.171571::context:module: =[4 0 0 :completion ivy nil nil]
  * 0.173793::context:module: =[5 0 0 :completion vertico nil nil]
  * 0.175919::context:module: =[6 0 0 :ui doom nil nil]
  * 0.176406::context:module: =[7 0 0 :ui doom-dashboard nil nil]
  * 0.176439::context:module: =[8 0 0 :ui emoji (+unicode) nil]
  * 0.176730::context:module: =[9 0 0 :ui hl-todo nil nil]
  * 0.177041::context:module: =[10 0 0 :ui indent-guides nil nil]
  * 0.177339::context:module: =[11 0 0 :ui ligatures nil nil]
  * 0.177370::context:module: =[12 0 0 :ui modeline nil nil]
  * 0.178172::context:module: =[13 0 0 :ui ophints nil nil]
  * 0.178600::context:module: =[14 0 0 :ui popup (+defaults) nil]
  * 0.178634::context:module: =[15 0 0 :ui vc-gutter (+pretty) nil]
  * 0.179052::context:module: =[16 0 0 :ui vi-tilde-fringe nil nil]
  * 0.179351::context:module: =[17 0 0 :ui workspaces nil nil]
  * 0.179646::context:module: =[18 0 0 :editor evil (+everywhere) nil]
  * 0.182927::context:module: =[19 0 0 :editor file-templates nil nil]
  * 0.183226::context:module: =[20 0 0 :editor fold nil nil]
  * 0.184069::context:module: =[21 0 0 :editor snippets nil nil]
  * 0.184706::context:module: =[22 0 0 :editor word-wrap nil nil]
  * 0.185016::context:module: =[23 0 0 :emacs dired nil nil]
  * 0.186185::context:module: =[24 0 0 :emacs electric nil nil]
  * 0.186219::context:module: =[25 0 0 :emacs undo nil nil]
  * 0.186788::context:module: =[26 0 0 :emacs vc nil nil]
  * 0.188114::context:module: =[27 0 0 :term eshell nil nil]
  * 0.189577::context:module: =[28 0 0 :term shell nil nil]
  * 0.189876::context:module: =[29 0 0 :term term nil nil]
  * 0.190351::context:module: =[30 0 0 :term vterm nil nil]
  * 0.191324::context:module: =[31 0 0 :checkers syntax nil nil]
  * 0.191929::context:module: =[32 0 0 :checkers spell (+flyspell) nil]
  * 0.192913::context:module: =[33 0 0 :checkers grammar nil nil]
  * 0.193381::context:module: =[34 0 0 :tools editorconfig nil nil]
  * 0.193691::context:module: =[35 0 0 :tools eval (+overlay) nil]
  * 0.194160::context:module: =[36 0 0 :tools gist nil nil]
  * 0.194459::context:module: =[37 0 0 :tools lookup nil nil]
  * 0.196307::context:module: =[38 0 0 :tools magit nil nil]
  * 0.197324::context:module: =[39 0 0 :tools make nil nil]
  * 0.197621::context:module: =[40 0 0 :tools pdf nil nil]
  * 0.198096::context:module: =[41 0 0 :tools rgb nil nil]
  * 0.198558::context:module: =[42 0 0 :tools tree-sitter nil nil]
  * 0.199203::context:module: =[43 0 0 :lang emacs-lisp nil nil]
  * 0.200909::context:module: =[44 0 0 :lang json nil nil]
  * 0.201549::context:module: =[45 0 0 :lang lua nil nil]
  * 0.202397::context:module: =[46 0 0 :lang markdown nil nil]
  * 0.203341::context:module: =[47 0 0 :lang org nil nil]
  * 0.210005::context:module: =[48 0 0 :lang python nil nil]
  * 0.212515::context:module: =[49 0 0 :lang rust (+lsp) nil]
  * 0.212824::context:module: =[50 0 0 :lang sh nil nil]
  * 0.213383::context:module: =[51 0 0 :lang yaml nil nil]
  * 0.213675::context:module: =[52 0 0 :email mu4e (+org +gmail) nil]
  * 0.214171::context:module: =[53 0 0 :config default (+bindings +smartparens) nil]
  * 0.214932::context:module: =[1 105 -105 :user nil nil nil]
  > Installing packages...
    - No packages need to be installed
  > (Re)building packages...
    - No packages need rebuilding
  > Purging orphaned packages (for the emperor)...
    - Skipping builds
    - Skipping elpa packages
    - Skipping repos
    - Skipping regrafting
    - Skipping native bytecode
  > (Re)building profile in /home/ralldi/.doom/.local/etc/@/...
    > Deleting old init files...
    > Generating 4 init files...
    > Byte-compiling ~/.doom/.local/etc/@init.28.el...
    ✓ Built init.28.elc
  - Restart Emacs or use 'M-x doom/reload' for changes to take effect
* 0.799703:*:cli:Finished (GCs: 1, elapsed: 0.006073s)
* 0.799703:*:cli:Finished (GCs: 1, elapsed: 0.006073s)
✓ Finished in 0.79976s
