* 0.075872:*:cli:run!: doom sync -e
* 0.075965:*:cli:context-parse: found command (doom)
* 0.076181:*:cli:load: autoload /home/ralldi/.doom/lisp/cli/sync.el
* 0.076211:*:cli:load: ~/.doom/lisp/cli/sync.el nil
* 0.076377:*:cli:load: ~/.doom/lisp/cli/packages nil
* 0.082339:*:cli:context-parse: found command (doom sync)
* 0.082529:*:cli:context-parse: found switch "-e"
* 0.082730:*:cli:context-execute: doom sync
* 0.083061:*:cli:execute: (:before) ((input) (context . #s(doom-cli-context (25528 33342 781695 69000) 49151 1 (125 . 17) nil nil doom nil nil (doom sync) nil (sync -e) ((--jobs) (-j) (-p) (-u) (-c) (-e . -e) (--eval) (-E) (--strict-load) (--load) (-L) (--color) (--benchmark) (--profile) (--pager) (--emacsdir) (--doomdir) (--verbose) (-v) (--debug) (-D) (--force) (-!)) ((t) ((doom sync) -e) ((doom) sync -e))  *doom-cli stdin*  *doom-cli stdout*  *doom-cli stderr* nil)) (_) (evals) (loads) (color?) (bench?) (profile) (pager) (emacsdir) (doomdir) (verbose?) (debug?) (force?))
* 0.083107:*:cli:execute: (:before doom build) nil
* 0.083128:*:cli:Initializing straight
* 0.083149::context: +packages (cli t)
* 0.083168::context:module: =[0 -110 -110 :core nil nil nil]
* 0.118685:*:cli:Initializing recipes
* 0.122136:*:cli:Installing core packages
* 0.122168:*:cli:execute: (doom sync) ((jobs) (purge?) (update?) (noelc?) (noenvvar? . -e))
> Synchronizing "default" profile...
  * 0.122684:*:cli:Initializing package.el
  * 0.165116:*:cli:Initializing straight.el
  * 0.165430::context: +packages (cli t)
  * 0.165456::context:module: =[1 105 -105 :user nil nil nil]
  * 0.168479::context:module: =[2 -111 -111 :config use-package nil nil]
  * 0.168807::context:module: =[0 -110 -110 :core nil nil nil]
  * 0.173155::context:module: =[1 105 -105 :user nil nil nil]
  * 0.176052::context:module: =[3 0 0 :completion company nil nil]
  * 0.176663::context:module: =[4 0 0 :completion ivy nil nil]
  * 0.178767::context:module: =[5 0 0 :completion vertico nil nil]
  * 0.180876::context:module: =[6 0 0 :ui doom nil nil]
  * 0.181392::context:module: =[7 0 0 :ui doom-dashboard nil nil]
  * 0.181433::context:module: =[8 0 0 :ui emoji (+unicode) nil]
  * 0.181738::context:module: =[9 0 0 :ui hl-todo nil nil]
  * 0.182063::context:module: =[10 0 0 :ui indent-guides nil nil]
  * 0.182383::context:module: =[11 0 0 :ui ligatures nil nil]
  * 0.182418::context:module: =[12 0 0 :ui modeline nil nil]
  * 0.183224::context:module: =[13 0 0 :ui ophints nil nil]
  * 0.183666::context:module: =[14 0 0 :ui popup (+defaults) nil]
  * 0.183701::context:module: =[15 0 0 :ui vc-gutter (+pretty) nil]
  * 0.184148::context:module: =[16 0 0 :ui vi-tilde-fringe nil nil]
  * 0.184466::context:module: =[17 0 0 :ui workspaces nil nil]
  * 0.184777::context:module: =[18 0 0 :editor evil (+everywhere) nil]
  * 0.188071::context:module: =[19 0 0 :editor file-templates nil nil]
  * 0.188390::context:module: =[20 0 0 :editor fold nil nil]
  * 0.189426::context:module: =[21 0 0 :editor snippets nil nil]
  * 0.190091::context:module: =[22 0 0 :editor word-wrap nil nil]
  * 0.190410::context:module: =[23 0 0 :emacs dired nil nil]
  * 0.191584::context:module: =[24 0 0 :emacs electric nil nil]
  * 0.191621::context:module: =[25 0 0 :emacs undo nil nil]
  * 0.192234::context:module: =[26 0 0 :emacs vc nil nil]
  * 0.193567::context:module: =[27 0 0 :term eshell nil nil]
  * 0.195043::context:module: =[28 0 0 :term shell nil nil]
  * 0.195359::context:module: =[29 0 0 :term term nil nil]
  * 0.195841::context:module: =[30 0 0 :term vterm nil nil]
  * 0.197244::context:module: =[31 0 0 :checkers syntax nil nil]
  * 0.197857::context:module: =[32 0 0 :checkers spell (+flyspell) nil]
  * 0.198853::context:module: =[33 0 0 :checkers grammar nil nil]
  * 0.199351::context:module: =[34 0 0 :tools editorconfig nil nil]
  * 0.199684::context:module: =[35 0 0 :tools eval (+overlay) nil]
  * 0.200187::context:module: =[36 0 0 :tools gist nil nil]
  * 0.200507::context:module: =[37 0 0 :tools lookup nil nil]
  * 0.202346::context:module: =[38 0 0 :tools magit nil nil]
  * 0.203386::context:module: =[39 0 0 :tools make nil nil]
  * 0.203704::context:module: =[40 0 0 :tools pdf nil nil]
  * 0.204269::context:module: =[41 0 0 :tools rgb nil nil]
  * 0.204752::context:module: =[42 0 0 :tools tree-sitter nil nil]
  * 0.205416::context:module: =[43 0 0 :lang emacs-lisp nil nil]
  * 0.207084::context:module: =[44 0 0 :lang json nil nil]
  * 0.207743::context:module: =[45 0 0 :lang lua nil nil]
  * 0.208608::context:module: =[46 0 0 :lang markdown nil nil]
  * 0.209577::context:module: =[47 0 0 :lang org nil nil]
  * 0.216367::context:module: =[48 0 0 :lang python nil nil]
  * 0.218873::context:module: =[49 0 0 :lang rust (+lsp) nil]
  * 0.219210::context:module: =[50 0 0 :lang sh nil nil]
  * 0.219782::context:module: =[51 0 0 :lang yaml nil nil]
  * 0.220119::context:module: =[52 0 0 :email mu4e (+org +gmail) nil]
  * 0.220785::context:module: =[53 0 0 :config default (+bindings +smartparens) nil]
  * 0.221572::context:module: =[1 105 -105 :user nil nil nil]
  > Installing packages...
    - No packages need to be installed
  > (Re)building packages...
    - No packages need rebuilding
  > Purging orphaned packages (for the emperor)...
    - Skipping builds
    - Skipping elpa packages
    - Skipping repos
    - Skipping regrafting
    - Skipping native bytecode
  > (Re)building profile in /home/ralldi/.doom/.local/etc/@/...
    > Deleting old init files...
    > Generating 4 init files...
    > Byte-compiling ~/.doom/.local/etc/@init.28.el...
    ✓ Built init.28.elc
  - Restart Emacs or use 'M-x doom/reload' for changes to take effect
* 0.982635:*:cli:Finished (GCs: 1, elapsed: 0.005845s)
* 0.982635:*:cli:Finished (GCs: 1, elapsed: 0.005845s)
✓ Finished in 0.98269s
