Sat Sep 10 10:46:23 PM -05 2022
-------------OBSIDIAN BACKUP COMPLETE-------------
Sat Sep 10 10:47:42 PM -05 2022
-------------OBSIDIAN BACKUP COMPLETE-------------
-------------HMT MATS BACKUP COMPLETE-------------
-------------OBS MEDIA BACKUP COMPLETE-------------
-------------RxH BACKUP COMPLETE-------------
Sun Sep 11 12:00:01 AM -05 2022
-------------OBSIDIAN BACKUP COMPLETE-------------
-------------HMT MATS BACKUP COMPLETE-------------
-------------OBS MEDIA BACKUP COMPLETE-------------
-------------RxH BACKUP COMPLETE-------------
Mon Sep 12 12:00:01 AM -05 2022
-------------OBSIDIAN BACKUP COMPLETE-------------
-------------HMT MATS BACKUP COMPLETE-------------
-------------OBS MEDIA BACKUP COMPLETE-------------
-------------RxH BACKUP COMPLETE-------------
Tue Sep 13 12:00:01 AM -05 2022
-------------OBSIDIAN BACKUP COMPLETE-------------
-------------HMT MATS BACKUP COMPLETE-------------
-------------OBS MEDIA BACKUP COMPLETE-------------
-------------RxH BACKUP COMPLETE-------------
Wed Sep 14 12:00:01 AM -05 2022
-------------OBSIDIAN BACKUP COMPLETE-------------
-------------HMT MATS BACKUP COMPLETE-------------
-------------OBS MEDIA BACKUP COMPLETE-------------
-------------RxH BACKUP COMPLETE-------------
Thu Sep 15 12:00:01 AM -05 2022
-------------OBSIDIAN BACKUP COMPLETE-------------
-------------HMT MATS BACKUP COMPLETE-------------
-------------OBS MEDIA BACKUP COMPLETE-------------
-------------RxH BACKUP COMPLETE-------------
Fri Sep 16 12:00:01 AM -05 2022
-------------OBSIDIAN BACKUP COMPLETE-------------
-------------HMT MATS BACKUP COMPLETE-------------
-------------OBS MEDIA BACKUP COMPLETE-------------
-------------RxH BACKUP COMPLETE-------------
Sat Sep 17 12:00:01 AM -05 2022
-------------OBSIDIAN BACKUP COMPLETE-------------
-------------HMT MATS BACKUP COMPLETE-------------
-------------OBS MEDIA BACKUP COMPLETE-------------
-------------RxH BACKUP COMPLETE-------------
Sun Sep 18 12:00:01 AM -05 2022
-------------OBSIDIAN BACKUP COMPLETE-------------
-------------HMT MATS BACKUP COMPLETE-------------
-------------OBS MEDIA BACKUP COMPLETE-------------
-------------RxH BACKUP COMPLETE-------------
Mon Sep 19 12:00:01 AM -05 2022
-------------OBSIDIAN BACKUP COMPLETE-------------
-------------HMT MATS BACKUP COMPLETE-------------
-------------OBS MEDIA BACKUP COMPLETE-------------
-------------RxH BACKUP COMPLETE-------------
Tue Sep 20 12:00:01 AM -05 2022
-------------OBSIDIAN BACKUP COMPLETE-------------
-------------HMT MATS BACKUP COMPLETE-------------
-------------OBS MEDIA BACKUP COMPLETE-------------
-------------RxH BACKUP COMPLETE-------------
Wed Sep 21 12:00:01 AM -05 2022
-------------OBSIDIAN BACKUP COMPLETE-------------
-------------HMT MATS BACKUP COMPLETE-------------
-------------OBS MEDIA BACKUP COMPLETE-------------
-------------RxH BACKUP COMPLETE-------------
Thu Sep 22 12:00:01 AM -05 2022
-------------OBSIDIAN BACKUP COMPLETE-------------
-------------HMT MATS BACKUP COMPLETE-------------
-------------OBS MEDIA BACKUP COMPLETE-------------
-------------RxH BACKUP COMPLETE-------------
Fri Sep 23 12:00:01 AM -05 2022
-------------OBSIDIAN BACKUP COMPLETE-------------
-------------HMT MATS BACKUP COMPLETE-------------
-------------OBS MEDIA BACKUP COMPLETE-------------
-------------RxH BACKUP COMPLETE-------------
Sat Sep 24 12:00:01 AM -05 2022
-------------OBSIDIAN BACKUP COMPLETE-------------
-------------HMT MATS BACKUP COMPLETE-------------
-------------OBS MEDIA BACKUP COMPLETE-------------
-------------RxH BACKUP COMPLETE-------------
Sun Sep 25 12:00:01 AM -05 2022
-------------OBSIDIAN BACKUP COMPLETE-------------
-------------HMT MATS BACKUP COMPLETE-------------
-------------OBS MEDIA BACKUP COMPLETE-------------
-------------RxH BACKUP COMPLETE-------------
Mon Sep 26 12:00:01 AM -05 2022
-------------OBSIDIAN BACKUP COMPLETE-------------
-------------HMT MATS BACKUP COMPLETE-------------
-------------OBS MEDIA BACKUP COMPLETE-------------
-------------RxH BACKUP COMPLETE-------------
Tue Sep 27 12:00:01 AM -05 2022
-------------OBSIDIAN BACKUP COMPLETE-------------
-------------HMT MATS BACKUP COMPLETE-------------
-------------OBS MEDIA BACKUP COMPLETE-------------
-------------RxH BACKUP COMPLETE-------------
Wed Sep 28 12:00:01 AM -05 2022
-------------OBSIDIAN BACKUP COMPLETE-------------
-------------HMT MATS BACKUP COMPLETE-------------
-------------OBS MEDIA BACKUP COMPLETE-------------
-------------RxH BACKUP COMPLETE-------------
Thu Sep 29 12:00:01 AM -05 2022
-------------OBSIDIAN BACKUP COMPLETE-------------
-------------HMT MATS BACKUP COMPLETE-------------
-------------OBS MEDIA BACKUP COMPLETE-------------
-------------RxH BACKUP COMPLETE-------------
Fri Sep 30 12:00:01 AM -05 2022
-------------OBSIDIAN BACKUP COMPLETE-------------
-------------HMT MATS BACKUP COMPLETE-------------
-------------OBS MEDIA BACKUP COMPLETE-------------
-------------RxH BACKUP COMPLETE-------------
Sat Oct 1 12:00:01 AM -05 2022
-------------OBSIDIAN BACKUP COMPLETE-------------
-------------HMT MATS BACKUP COMPLETE-------------
-------------OBS MEDIA BACKUP COMPLETE-------------
-------------RxH BACKUP COMPLETE-------------
Sun Oct 2 12:00:01 AM -05 2022
-------------OBSIDIAN BACKUP COMPLETE-------------
-------------HMT MATS BACKUP COMPLETE-------------
-------------OBS MEDIA BACKUP COMPLETE-------------
-------------RxH BACKUP COMPLETE-------------
Mon Oct 3 12:00:01 AM -05 2022
-------------OBSIDIAN BACKUP COMPLETE-------------
-------------HMT MATS BACKUP COMPLETE-------------
-------------OBS MEDIA BACKUP COMPLETE-------------
-------------RxH BACKUP COMPLETE-------------
Tue Oct 4 12:00:01 AM -05 2022
-------------OBSIDIAN BACKUP COMPLETE-------------
-------------HMT MATS BACKUP COMPLETE-------------
-------------OBS MEDIA BACKUP COMPLETE-------------
-------------RxH BACKUP COMPLETE-------------
Wed Oct 5 12:00:01 AM -05 2022
-------------OBSIDIAN BACKUP COMPLETE-------------
-------------HMT MATS BACKUP COMPLETE-------------
-------------OBS MEDIA BACKUP COMPLETE-------------
-------------RxH BACKUP COMPLETE-------------
Thu Oct 6 12:00:01 AM -05 2022
-------------OBSIDIAN BACKUP COMPLETE-------------
-------------HMT MATS BACKUP COMPLETE-------------
-------------OBS MEDIA BACKUP COMPLETE-------------
-------------RxH BACKUP COMPLETE-------------
Fri Oct 7 12:00:01 AM -05 2022
-------------OBSIDIAN BACKUP COMPLETE-------------
-------------HMT MATS BACKUP COMPLETE-------------
-------------OBS MEDIA BACKUP COMPLETE-------------
-------------RxH BACKUP COMPLETE-------------
Sat Oct 8 12:00:01 AM -05 2022
-------------OBSIDIAN BACKUP COMPLETE-------------
-------------HMT MATS BACKUP COMPLETE-------------
-------------OBS MEDIA BACKUP COMPLETE-------------
-------------RxH BACKUP COMPLETE-------------
Sun Oct 9 12:00:01 AM -05 2022
-------------OBSIDIAN BACKUP COMPLETE-------------
-------------HMT MATS BACKUP COMPLETE-------------
-------------OBS MEDIA BACKUP COMPLETE-------------
-------------RxH BACKUP COMPLETE-------------
Mon Oct 10 12:00:01 AM -05 2022
-------------OBSIDIAN BACKUP COMPLETE-------------
-------------HMT MATS BACKUP COMPLETE-------------
-------------OBS MEDIA BACKUP COMPLETE-------------
-------------RxH BACKUP COMPLETE-------------
Tue Oct 11 12:00:01 AM -05 2022
-------------OBSIDIAN BACKUP COMPLETE-------------
-------------HMT MATS BACKUP COMPLETE-------------
-------------OBS MEDIA BACKUP COMPLETE-------------
-------------RxH BACKUP COMPLETE-------------
Wed Oct 12 12:00:01 AM -05 2022
-------------OBSIDIAN BACKUP COMPLETE-------------
-------------HMT MATS BACKUP COMPLETE-------------
-------------OBS MEDIA BACKUP COMPLETE-------------
-------------RxH BACKUP COMPLETE-------------
Thu Oct 13 12:00:01 AM -05 2022
-------------OBSIDIAN BACKUP COMPLETE-------------
-------------HMT MATS BACKUP COMPLETE-------------
-------------OBS MEDIA BACKUP COMPLETE-------------
-------------RxH BACKUP COMPLETE-------------
Thu Oct 13 08:41:21 AM -05 2022
-------------OBSIDIAN BACKUP COMPLETE-------------
-------------HMT MATS BACKUP COMPLETE-------------
-------------OBS MEDIA BACKUP COMPLETE-------------
-------------RxH BACKUP COMPLETE-------------
Tue Dec 6 10:46:18 AM -05 2022
-------------OBSIDIAN BACKUP COMPLETE-------------
-------------HMT MATS BACKUP COMPLETE-------------
-------------OBS MEDIA BACKUP COMPLETE-------------
-------------RxH BACKUP COMPLETE-------------
Wed Dec 7 12:00:01 AM -05 2022
-------------OBSIDIAN BACKUP COMPLETE-------------
-------------HMT MATS BACKUP COMPLETE-------------
-------------OBS MEDIA BACKUP COMPLETE-------------
-------------RxH BACKUP COMPLETE-------------
Thu Dec 8 12:00:01 AM -05 2022
-------------OBSIDIAN BACKUP COMPLETE-------------
-------------HMT MATS BACKUP COMPLETE-------------
-------------OBS MEDIA BACKUP COMPLETE-------------
-------------RxH BACKUP COMPLETE-------------
Fri Dec 9 12:00:01 AM -05 2022
-------------OBSIDIAN BACKUP COMPLETE-------------
-------------HMT MATS BACKUP COMPLETE-------------
-------------OBS MEDIA BACKUP COMPLETE-------------
-------------RxH BACKUP COMPLETE-------------
Sat Dec 10 12:00:01 AM -05 2022
-------------OBSIDIAN BACKUP COMPLETE-------------
-------------HMT MATS BACKUP COMPLETE-------------
-------------OBS MEDIA BACKUP COMPLETE-------------
-------------RxH BACKUP COMPLETE-------------
Sat Dec 10 02:19:53 PM -05 2022
