2023/03/11 00:00:01 NOTICE: Config file "/root/.config/rclone/rclone.conf" not found - using defaults
2023/03/11 00:00:01 Failed to create file system for "gdrive:Obsidian": didn't find section in config file
Sat Mar 11 12:00:01 AM -05 2023
Obsidian backup failed
2023/03/11 00:00:01 NOTICE: Config file "/root/.config/rclone/rclone.conf" not found - using defaults
2023/03/11 00:00:01 Failed to create file system for "gdrive:HmT-Mats": didn't find section in config file
Sat Mar 11 12:00:01 AM -05 2023
HmT-Mats backup failed
2023/03/11 00:00:01 NOTICE: Config file "/root/.config/rclone/rclone.conf" not found - using defaults
2023/03/11 00:00:01 Failed to create file system for "gdrive:obs-media": didn't find section in config file
Sat Mar 11 12:00:01 AM -05 2023
obs-media backup failed
2023/03/11 00:00:01 NOTICE: Config file "/root/.config/rclone/rclone.conf" not found - using defaults
2023/03/11 00:00:01 Failed to create file system for "gdrive:peruvian-taxes": didn't find section in config file
Sat Mar 11 12:00:01 AM -05 2023
peruvian-taxes backup failed
2023/03/12 00:00:01 NOTICE: Config file "/root/.config/rclone/rclone.conf" not found - using defaults
2023/03/12 00:00:01 Failed to create file system for "gdrive:Obsidian": didn't find section in config file
Sun Mar 12 12:00:01 AM -05 2023
Obsidian backup failed
2023/03/12 00:00:01 NOTICE: Config file "/root/.config/rclone/rclone.conf" not found - using defaults
2023/03/12 00:00:01 Failed to create file system for "gdrive:HmT-Mats": didn't find section in config file
Sun Mar 12 12:00:01 AM -05 2023
HmT-Mats backup failed
2023/03/12 00:00:01 NOTICE: Config file "/root/.config/rclone/rclone.conf" not found - using defaults
2023/03/12 00:00:01 Failed to create file system for "gdrive:obs-media": didn't find section in config file
Sun Mar 12 12:00:01 AM -05 2023
obs-media backup failed
2023/03/12 00:00:01 NOTICE: Config file "/root/.config/rclone/rclone.conf" not found - using defaults
2023/03/12 00:00:01 Failed to create file system for "gdrive:peruvian-taxes": didn't find section in config file
Sun Mar 12 12:00:01 AM -05 2023
peruvian-taxes backup failed
2023/03/13 00:00:01 NOTICE: Config file "/root/.config/rclone/rclone.conf" not found - using defaults
2023/03/13 00:00:01 Failed to create file system for "gdrive:Obsidian": didn't find section in config file
Mon Mar 13 12:00:01 AM -05 2023
Obsidian backup failed
2023/03/13 00:00:01 NOTICE: Config file "/root/.config/rclone/rclone.conf" not found - using defaults
2023/03/13 00:00:01 Failed to create file system for "gdrive:HmT-Mats": didn't find section in config file
Mon Mar 13 12:00:01 AM -05 2023
HmT-Mats backup failed
2023/03/13 00:00:01 NOTICE: Config file "/root/.config/rclone/rclone.conf" not found - using defaults
2023/03/13 00:00:01 Failed to create file system for "gdrive:obs-media": didn't find section in config file
Mon Mar 13 12:00:01 AM -05 2023
obs-media backup failed
2023/03/13 00:00:01 NOTICE: Config file "/root/.config/rclone/rclone.conf" not found - using defaults
2023/03/13 00:00:01 Failed to create file system for "gdrive:peruvian-taxes": didn't find section in config file
Mon Mar 13 12:00:01 AM -05 2023
peruvian-taxes backup failed
2023/03/14 00:00:01 NOTICE: Config file "/root/.config/rclone/rclone.conf" not found - using defaults
2023/03/14 00:00:01 Failed to create file system for "gdrive:Obsidian": didn't find section in config file
Tue Mar 14 12:00:01 AM -05 2023
Obsidian backup failed
2023/03/14 00:00:01 NOTICE: Config file "/root/.config/rclone/rclone.conf" not found - using defaults
2023/03/14 00:00:01 Failed to create file system for "gdrive:HmT-Mats": didn't find section in config file
Tue Mar 14 12:00:01 AM -05 2023
HmT-Mats backup failed
2023/03/14 00:00:01 NOTICE: Config file "/root/.config/rclone/rclone.conf" not found - using defaults
2023/03/14 00:00:01 Failed to create file system for "gdrive:obs-media": didn't find section in config file
Tue Mar 14 12:00:01 AM -05 2023
obs-media backup failed
2023/03/14 00:00:01 NOTICE: Config file "/root/.config/rclone/rclone.conf" not found - using defaults
2023/03/14 00:00:01 Failed to create file system for "gdrive:peruvian-taxes": didn't find section in config file
Tue Mar 14 12:00:01 AM -05 2023
peruvian-taxes backup failed
2023/03/15 00:00:01 NOTICE: Config file "/root/.config/rclone/rclone.conf" not found - using defaults
2023/03/15 00:00:01 Failed to create file system for "gdrive:Obsidian": didn't find section in config file
Wed Mar 15 12:00:01 AM -05 2023
Obsidian backup failed
2023/03/15 00:00:01 NOTICE: Config file "/root/.config/rclone/rclone.conf" not found - using defaults
2023/03/15 00:00:01 Failed to create file system for "gdrive:HmT-Mats": didn't find section in config file
Wed Mar 15 12:00:01 AM -05 2023
HmT-Mats backup failed
2023/03/15 00:00:01 NOTICE: Config file "/root/.config/rclone/rclone.conf" not found - using defaults
2023/03/15 00:00:01 Failed to create file system for "gdrive:obs-media": didn't find section in config file
Wed Mar 15 12:00:01 AM -05 2023
obs-media backup failed
2023/03/15 00:00:01 NOTICE: Config file "/root/.config/rclone/rclone.conf" not found - using defaults
2023/03/15 00:00:01 Failed to create file system for "gdrive:peruvian-taxes": didn't find section in config file
Wed Mar 15 12:00:01 AM -05 2023
peruvian-taxes backup failed
2023/03/16 00:00:01 NOTICE: Config file "/root/.config/rclone/rclone.conf" not found - using defaults
2023/03/16 00:00:01 Failed to create file system for "gdrive:Obsidian": didn't find section in config file
Thu Mar 16 12:00:01 AM -05 2023
Obsidian backup failed
2023/03/16 00:00:01 NOTICE: Config file "/root/.config/rclone/rclone.conf" not found - using defaults
2023/03/16 00:00:01 Failed to create file system for "gdrive:HmT-Mats": didn't find section in config file
Thu Mar 16 12:00:01 AM -05 2023
HmT-Mats backup failed
2023/03/16 00:00:01 NOTICE: Config file "/root/.config/rclone/rclone.conf" not found - using defaults
2023/03/16 00:00:01 Failed to create file system for "gdrive:obs-media": didn't find section in config file
Thu Mar 16 12:00:01 AM -05 2023
obs-media backup failed
2023/03/16 00:00:01 NOTICE: Config file "/root/.config/rclone/rclone.conf" not found - using defaults
2023/03/16 00:00:01 Failed to create file system for "gdrive:peruvian-taxes": didn't find section in config file
Thu Mar 16 12:00:01 AM -05 2023
peruvian-taxes backup failed
2023/03/17 00:00:01 NOTICE: Config file "/root/.config/rclone/rclone.conf" not found - using defaults
2023/03/17 00:00:01 Failed to create file system for "gdrive:Obsidian": didn't find section in config file
Fri Mar 17 12:00:01 AM -05 2023
Obsidian backup failed
2023/03/17 00:00:01 NOTICE: Config file "/root/.config/rclone/rclone.conf" not found - using defaults
2023/03/17 00:00:01 Failed to create file system for "gdrive:HmT-Mats": didn't find section in config file
Fri Mar 17 12:00:01 AM -05 2023
HmT-Mats backup failed
2023/03/17 00:00:01 NOTICE: Config file "/root/.config/rclone/rclone.conf" not found - using defaults
2023/03/17 00:00:01 Failed to create file system for "gdrive:obs-media": didn't find section in config file
Fri Mar 17 12:00:01 AM -05 2023
obs-media backup failed
2023/03/17 00:00:01 NOTICE: Config file "/root/.config/rclone/rclone.conf" not found - using defaults
2023/03/17 00:00:01 Failed to create file system for "gdrive:peruvian-taxes": didn't find section in config file
Fri Mar 17 12:00:01 AM -05 2023
peruvian-taxes backup failed
2023/03/18 00:00:02 NOTICE: Config file "/root/.config/rclone/rclone.conf" not found - using defaults
2023/03/18 00:00:02 Failed to create file system for "gdrive:Obsidian": didn't find section in config file
Sat Mar 18 12:00:02 AM -05 2023
Obsidian backup failed
2023/03/18 00:00:02 NOTICE: Config file "/root/.config/rclone/rclone.conf" not found - using defaults
2023/03/18 00:00:02 Failed to create file system for "gdrive:HmT-Mats": didn't find section in config file
Sat Mar 18 12:00:02 AM -05 2023
HmT-Mats backup failed
2023/03/18 00:00:02 NOTICE: Config file "/root/.config/rclone/rclone.conf" not found - using defaults
2023/03/18 00:00:02 Failed to create file system for "gdrive:obs-media": didn't find section in config file
Sat Mar 18 12:00:02 AM -05 2023
obs-media backup failed
2023/03/18 00:00:02 NOTICE: Config file "/root/.config/rclone/rclone.conf" not found - using defaults
2023/03/18 00:00:02 Failed to create file system for "gdrive:peruvian-taxes": didn't find section in config file
Sat Mar 18 12:00:02 AM -05 2023
peruvian-taxes backup failed
2023/03/19 00:00:01 NOTICE: Config file "/root/.config/rclone/rclone.conf" not found - using defaults
2023/03/19 00:00:01 Failed to create file system for "gdrive:Obsidian": didn't find section in config file
Sun Mar 19 12:00:01 AM -05 2023
Obsidian backup failed
2023/03/19 00:00:01 NOTICE: Config file "/root/.config/rclone/rclone.conf" not found - using defaults
2023/03/19 00:00:01 Failed to create file system for "gdrive:HmT-Mats": didn't find section in config file
Sun Mar 19 12:00:01 AM -05 2023
HmT-Mats backup failed
2023/03/19 00:00:01 NOTICE: Config file "/root/.config/rclone/rclone.conf" not found - using defaults
2023/03/19 00:00:01 Failed to create file system for "gdrive:obs-media": didn't find section in config file
Sun Mar 19 12:00:01 AM -05 2023
obs-media backup failed
2023/03/19 00:00:01 NOTICE: Config file "/root/.config/rclone/rclone.conf" not found - using defaults
2023/03/19 00:00:01 Failed to create file system for "gdrive:peruvian-taxes": didn't find section in config file
Sun Mar 19 12:00:01 AM -05 2023
peruvian-taxes backup failed
2023/03/20 00:00:02 NOTICE: Config file "/root/.config/rclone/rclone.conf" not found - using defaults
2023/03/20 00:00:02 Failed to create file system for "gdrive:Obsidian": didn't find section in config file
Mon Mar 20 12:00:02 AM -05 2023
Obsidian backup failed
2023/03/20 00:00:02 NOTICE: Config file "/root/.config/rclone/rclone.conf" not found - using defaults
2023/03/20 00:00:02 Failed to create file system for "gdrive:HmT-Mats": didn't find section in config file
Mon Mar 20 12:00:02 AM -05 2023
HmT-Mats backup failed
2023/03/20 00:00:02 NOTICE: Config file "/root/.config/rclone/rclone.conf" not found - using defaults
2023/03/20 00:00:02 Failed to create file system for "gdrive:obs-media": didn't find section in config file
Mon Mar 20 12:00:02 AM -05 2023
obs-media backup failed
2023/03/20 00:00:02 NOTICE: Config file "/root/.config/rclone/rclone.conf" not found - using defaults
2023/03/20 00:00:02 Failed to create file system for "gdrive:peruvian-taxes": didn't find section in config file
Mon Mar 20 12:00:02 AM -05 2023
peruvian-taxes backup failed
2023/03/21 00:00:01 NOTICE: Config file "/root/.config/rclone/rclone.conf" not found - using defaults
2023/03/21 00:00:01 Failed to create file system for "gdrive:Obsidian": didn't find section in config file
Tue Mar 21 12:00:01 AM -05 2023
Obsidian backup failed
2023/03/21 00:00:01 NOTICE: Config file "/root/.config/rclone/rclone.conf" not found - using defaults
2023/03/21 00:00:01 Failed to create file system for "gdrive:HmT-Mats": didn't find section in config file
Tue Mar 21 12:00:01 AM -05 2023
HmT-Mats backup failed
2023/03/21 00:00:01 NOTICE: Config file "/root/.config/rclone/rclone.conf" not found - using defaults
2023/03/21 00:00:01 Failed to create file system for "gdrive:obs-media": didn't find section in config file
Tue Mar 21 12:00:01 AM -05 2023
obs-media backup failed
2023/03/21 00:00:01 NOTICE: Config file "/root/.config/rclone/rclone.conf" not found - using defaults
2023/03/21 00:00:01 Failed to create file system for "gdrive:peruvian-taxes": didn't find section in config file
Tue Mar 21 12:00:01 AM -05 2023
peruvian-taxes backup failed
2023/03/22 00:00:01 NOTICE: Config file "/root/.config/rclone/rclone.conf" not found - using defaults
2023/03/22 00:00:01 Failed to create file system for "gdrive:Obsidian": didn't find section in config file
Wed Mar 22 12:00:01 AM -05 2023
Obsidian backup failed
2023/03/22 00:00:02 NOTICE: Config file "/root/.config/rclone/rclone.conf" not found - using defaults
2023/03/22 00:00:02 Failed to create file system for "gdrive:HmT-Mats": didn't find section in config file
Wed Mar 22 12:00:02 AM -05 2023
HmT-Mats backup failed
2023/03/22 00:00:02 NOTICE: Config file "/root/.config/rclone/rclone.conf" not found - using defaults
2023/03/22 00:00:02 Failed to create file system for "gdrive:obs-media": didn't find section in config file
Wed Mar 22 12:00:02 AM -05 2023
obs-media backup failed
2023/03/22 00:00:02 NOTICE: Config file "/root/.config/rclone/rclone.conf" not found - using defaults
2023/03/22 00:00:02 Failed to create file system for "gdrive:peruvian-taxes": didn't find section in config file
Wed Mar 22 12:00:02 AM -05 2023
peruvian-taxes backup failed
2023/03/23 00:00:01 NOTICE: Config file "/root/.config/rclone/rclone.conf" not found - using defaults
2023/03/23 00:00:01 Failed to create file system for "gdrive:Obsidian": didn't find section in config file
Thu Mar 23 12:00:01 AM -05 2023
Obsidian backup failed
2023/03/23 00:00:01 NOTICE: Config file "/root/.config/rclone/rclone.conf" not found - using defaults
2023/03/23 00:00:01 Failed to create file system for "gdrive:HmT-Mats": didn't find section in config file
Thu Mar 23 12:00:01 AM -05 2023
HmT-Mats backup failed
2023/03/23 00:00:01 NOTICE: Config file "/root/.config/rclone/rclone.conf" not found - using defaults
2023/03/23 00:00:01 Failed to create file system for "gdrive:obs-media": didn't find section in config file
Thu Mar 23 12:00:01 AM -05 2023
obs-media backup failed
2023/03/23 00:00:01 NOTICE: Config file "/root/.config/rclone/rclone.conf" not found - using defaults
2023/03/23 00:00:01 Failed to create file system for "gdrive:peruvian-taxes": didn't find section in config file
Thu Mar 23 12:00:01 AM -05 2023
peruvian-taxes backup failed
2023/03/24 00:00:01 NOTICE: Config file "/root/.config/rclone/rclone.conf" not found - using defaults
2023/03/24 00:00:01 Failed to create file system for "gdrive:Obsidian": didn't find section in config file
Fri Mar 24 12:00:01 AM -05 2023
Obsidian backup failed
2023/03/24 00:00:01 NOTICE: Config file "/root/.config/rclone/rclone.conf" not found - using defaults
2023/03/24 00:00:01 Failed to create file system for "gdrive:HmT-Mats": didn't find section in config file
Fri Mar 24 12:00:01 AM -05 2023
HmT-Mats backup failed
2023/03/24 00:00:01 NOTICE: Config file "/root/.config/rclone/rclone.conf" not found - using defaults
2023/03/24 00:00:01 Failed to create file system for "gdrive:obs-media": didn't find section in config file
Fri Mar 24 12:00:01 AM -05 2023
obs-media backup failed
2023/03/24 00:00:01 NOTICE: Config file "/root/.config/rclone/rclone.conf" not found - using defaults
2023/03/24 00:00:01 Failed to create file system for "gdrive:peruvian-taxes": didn't find section in config file
Fri Mar 24 12:00:01 AM -05 2023
peruvian-taxes backup failed
2023/03/25 00:00:01 NOTICE: Config file "/root/.config/rclone/rclone.conf" not found - using defaults
2023/03/25 00:00:01 Failed to create file system for "gdrive:Obsidian": didn't find section in config file
Sat Mar 25 12:00:01 AM -05 2023
Obsidian backup failed
2023/03/25 00:00:01 NOTICE: Config file "/root/.config/rclone/rclone.conf" not found - using defaults
2023/03/25 00:00:01 Failed to create file system for "gdrive:HmT-Mats": didn't find section in config file
Sat Mar 25 12:00:01 AM -05 2023
HmT-Mats backup failed
2023/03/25 00:00:01 NOTICE: Config file "/root/.config/rclone/rclone.conf" not found - using defaults
2023/03/25 00:00:01 Failed to create file system for "gdrive:obs-media": didn't find section in config file
Sat Mar 25 12:00:01 AM -05 2023
obs-media backup failed
2023/03/25 00:00:01 NOTICE: Config file "/root/.config/rclone/rclone.conf" not found - using defaults
2023/03/25 00:00:01 Failed to create file system for "gdrive:peruvian-taxes": didn't find section in config file
Sat Mar 25 12:00:01 AM -05 2023
peruvian-taxes backup failed
2023/03/26 00:00:01 NOTICE: Config file "/root/.config/rclone/rclone.conf" not found - using defaults
2023/03/26 00:00:01 Failed to create file system for "gdrive:Obsidian": didn't find section in config file
Sun Mar 26 12:00:01 AM -05 2023
Obsidian backup failed
2023/03/26 00:00:01 NOTICE: Config file "/root/.config/rclone/rclone.conf" not found - using defaults
2023/03/26 00:00:01 Failed to create file system for "gdrive:HmT-Mats": didn't find section in config file
Sun Mar 26 12:00:01 AM -05 2023
HmT-Mats backup failed
2023/03/26 00:00:01 NOTICE: Config file "/root/.config/rclone/rclone.conf" not found - using defaults
2023/03/26 00:00:01 Failed to create file system for "gdrive:obs-media": didn't find section in config file
Sun Mar 26 12:00:01 AM -05 2023
obs-media backup failed
2023/03/26 00:00:01 NOTICE: Config file "/root/.config/rclone/rclone.conf" not found - using defaults
2023/03/26 00:00:01 Failed to create file system for "gdrive:peruvian-taxes": didn't find section in config file
Sun Mar 26 12:00:01 AM -05 2023
peruvian-taxes backup failed
2023/03/27 00:00:01 NOTICE: Config file "/root/.config/rclone/rclone.conf" not found - using defaults
2023/03/27 00:00:01 Failed to create file system for "gdrive:Obsidian": didn't find section in config file
Mon Mar 27 12:00:01 AM -05 2023
Obsidian backup failed
2023/03/27 00:00:01 NOTICE: Config file "/root/.config/rclone/rclone.conf" not found - using defaults
2023/03/27 00:00:01 Failed to create file system for "gdrive:HmT-Mats": didn't find section in config file
Mon Mar 27 12:00:01 AM -05 2023
HmT-Mats backup failed
2023/03/27 00:00:01 NOTICE: Config file "/root/.config/rclone/rclone.conf" not found - using defaults
2023/03/27 00:00:01 Failed to create file system for "gdrive:obs-media": didn't find section in config file
Mon Mar 27 12:00:01 AM -05 2023
obs-media backup failed
2023/03/27 00:00:01 NOTICE: Config file "/root/.config/rclone/rclone.conf" not found - using defaults
2023/03/27 00:00:01 Failed to create file system for "gdrive:peruvian-taxes": didn't find section in config file
Mon Mar 27 12:00:01 AM -05 2023
peruvian-taxes backup failed
