Sat Dec 10 02:25:21 PM -05 2022
-----  BACKUP COMPLETE
Sat Dec 10 02:25:21 PM -05 2022
-----  BACKUP COMPLETE
Sat Dec 10 02:25:21 PM -05 2022
-----  BACKUP COMPLETE
Sat Dec 10 02:25:21 PM -05 2022
-----  BACKUP COMPLETE
Sat Dec 10 02:26:38 PM -05 2022
-----  BACKUP COMPLETE
Sat Dec 10 02:26:40 PM -05 2022
-----  BACKUP COMPLETE
Sat Dec 10 02:26:42 PM -05 2022
-----  BACKUP COMPLETE
Sat Dec 10 02:26:44 PM -05 2022
-----  BACKUP COMPLETE
Sat Dec 10 02:58:28 PM -05 2022
----- Obsidian BACKUP COMPLETE
Sat Dec 10 03:12:53 PM -05 2022
Sat Dec 10 03:13:34 PM -05 2022
----- Obsidian BACKUP COMPLETE
Sat Dec 10 03:13:34 PM -05 2022
Sat Dec 10 03:18:05 PM -05 2022
----- HmT-Mats BACKUP COMPLETE
Sat Dec 10 03:18:05 PM -05 2022
Sat Dec 10 03:18:12 PM -05 2022
----- obs-media BACKUP COMPLETE
Sat Dec 10 03:18:12 PM -05 2022
Sat Dec 10 03:18:20 PM -05 2022
----- peruvian-taxes BACKUP COMPLETE
Sat Dec 10 03:41:30 PM -05 2022
----- Obsidian SYNC COMPLETE
Sat Dec 10 03:41:33 PM -05 2022
----- HmT-Mats SYNC COMPLETE
Sat Dec 10 03:41:35 PM -05 2022
----- obs-media SYNC COMPLETE
Sat Dec 10 03:41:38 PM -05 2022
----- peruvian-taxes SYNC COMPLETE
Sat Dec 10 03:48:03 PM -05 2022
----- Obsidian BACKUP COMPLETE
Sat Dec 10 03:48:06 PM -05 2022
----- HmT-Mats BACKUP COMPLETE
Sat Dec 10 03:48:08 PM -05 2022
----- obs-media BACKUP COMPLETE
Sat Dec 10 03:48:10 PM -05 2022
----- peruvian-taxes BACKUP COMPLETE
Sat Dec 10 04:21:17 PM -05 2022
----- Obsidian BACKUP COMPLETE
Sat Dec 10 04:21:47 PM -05 2022
----- HmT-Mats BACKUP COMPLETE
Sat Dec 10 04:21:49 PM -05 2022
----- obs-media BACKUP COMPLETE
Sat Dec 10 04:21:53 PM -05 2022
----- peruvian-taxes BACKUP COMPLETE
Sun Dec 11 12:00:07 AM -05 2022
----- Obsidian BACKUP COMPLETE
Sun Dec 11 12:00:11 AM -05 2022
----- HmT-Mats BACKUP COMPLETE
Sun Dec 11 12:00:13 AM -05 2022
----- obs-media BACKUP COMPLETE
Sun Dec 11 12:00:15 AM -05 2022
----- peruvian-taxes BACKUP COMPLETE
Mon Dec 12 12:00:06 AM -05 2022
----- Obsidian BACKUP COMPLETE
Mon Dec 12 12:00:13 AM -05 2022
----- HmT-Mats BACKUP COMPLETE
Mon Dec 12 12:00:15 AM -05 2022
----- obs-media BACKUP COMPLETE
Mon Dec 12 12:00:18 AM -05 2022
----- peruvian-taxes BACKUP COMPLETE
Tue Dec 13 12:00:07 AM -05 2022
----- Obsidian BACKUP COMPLETE
Tue Dec 13 12:00:11 AM -05 2022
----- HmT-Mats BACKUP COMPLETE
Tue Dec 13 12:00:12 AM -05 2022
----- obs-media BACKUP COMPLETE
Tue Dec 13 12:00:15 AM -05 2022
----- peruvian-taxes BACKUP COMPLETE
Wed Dec 14 12:00:12 AM -05 2022
----- Obsidian BACKUP COMPLETE
Wed Dec 14 12:00:16 AM -05 2022
----- HmT-Mats BACKUP COMPLETE
Wed Dec 14 12:00:18 AM -05 2022
----- obs-media BACKUP COMPLETE
Wed Dec 14 12:00:20 AM -05 2022
----- peruvian-taxes BACKUP COMPLETE
Thu Dec 15 12:00:08 AM -05 2022
----- Obsidian BACKUP COMPLETE
Thu Dec 15 12:00:39 AM -05 2022
----- HmT-Mats BACKUP COMPLETE
Thu Dec 15 12:00:40 AM -05 2022
----- obs-media BACKUP COMPLETE
Thu Dec 15 12:00:43 AM -05 2022
----- peruvian-taxes BACKUP COMPLETE
Sat Dec 17 09:59:20 AM -05 2022
----- Obsidian SYNC COMPLETE
Sat Dec 17 10:04:38 AM -05 2022
----- HmT-Mats SYNC COMPLETE
Sat Dec 17 10:04:46 AM -05 2022
----- obs-media SYNC COMPLETE
Sat Dec 17 10:04:56 AM -05 2022
----- peruvian-taxes SYNC COMPLETE
Sat Dec 17 11:33:00 PM -05 2022
----- Obsidian BACKUP COMPLETE
Sat Dec 17 11:33:03 PM -05 2022
----- HmT-Mats BACKUP COMPLETE
Sat Dec 17 11:33:05 PM -05 2022
----- obs-media BACKUP COMPLETE
Sat Dec 17 11:33:08 PM -05 2022
----- peruvian-taxes BACKUP COMPLETE
Sun Dec 18 12:00:05 AM -05 2022
----- Obsidian BACKUP COMPLETE
Sun Dec 18 12:00:08 AM -05 2022
----- HmT-Mats BACKUP COMPLETE
Sun Dec 18 12:00:10 AM -05 2022
----- obs-media BACKUP COMPLETE
Sun Dec 18 12:00:12 AM -05 2022
----- peruvian-taxes BACKUP COMPLETE
Mon Dec 19 12:00:06 AM -05 2022
----- Obsidian BACKUP COMPLETE
Mon Dec 19 12:00:10 AM -05 2022
----- HmT-Mats BACKUP COMPLETE
Mon Dec 19 12:00:12 AM -05 2022
----- obs-media BACKUP COMPLETE
Mon Dec 19 12:00:15 AM -05 2022
----- peruvian-taxes BACKUP COMPLETE
Tue Dec 20 12:00:08 AM -05 2022
----- Obsidian BACKUP COMPLETE
Tue Dec 20 12:00:11 AM -05 2022
----- HmT-Mats BACKUP COMPLETE
Tue Dec 20 12:00:13 AM -05 2022
----- obs-media BACKUP COMPLETE
Tue Dec 20 12:00:16 AM -05 2022
----- peruvian-taxes BACKUP COMPLETE
Tue Dec 20 10:06:09 PM -05 2022
----- Obsidian BACKUP COMPLETE
Tue Dec 20 10:06:13 PM -05 2022
----- HmT-Mats BACKUP COMPLETE
Tue Dec 20 10:06:15 PM -05 2022
----- obs-media BACKUP COMPLETE
Tue Dec 20 10:06:17 PM -05 2022
----- peruvian-taxes BACKUP COMPLETE
Wed Dec 21 12:00:06 AM -05 2022
----- Obsidian BACKUP COMPLETE
Wed Dec 21 12:00:09 AM -05 2022
----- HmT-Mats BACKUP COMPLETE
Wed Dec 21 12:00:12 AM -05 2022
----- obs-media BACKUP COMPLETE
Wed Dec 21 12:00:15 AM -05 2022
----- peruvian-taxes BACKUP COMPLETE
Thu Dec 22 12:00:09 AM -05 2022
----- Obsidian BACKUP COMPLETE
Thu Dec 22 12:00:12 AM -05 2022
----- HmT-Mats BACKUP COMPLETE
Thu Dec 22 12:00:14 AM -05 2022
----- obs-media BACKUP COMPLETE
Thu Dec 22 12:00:17 AM -05 2022
----- peruvian-taxes BACKUP COMPLETE
Fri Dec 23 12:00:07 AM -05 2022
----- Obsidian BACKUP COMPLETE
Fri Dec 23 12:00:11 AM -05 2022
----- HmT-Mats BACKUP COMPLETE
Fri Dec 23 12:00:13 AM -05 2022
----- obs-media BACKUP COMPLETE
Fri Dec 23 12:00:15 AM -05 2022
----- peruvian-taxes BACKUP COMPLETE
Fri Dec 23 01:24:31 PM -05 2022
----- Obsidian SYNC COMPLETE
Fri Dec 23 01:24:34 PM -05 2022
----- HmT-Mats SYNC COMPLETE
Fri Dec 23 01:24:36 PM -05 2022
----- obs-media SYNC COMPLETE
Fri Dec 23 01:24:39 PM -05 2022
----- peruvian-taxes SYNC COMPLETE
Fri Dec 23 01:28:00 PM -05 2022
----- Obsidian SYNC COMPLETE
Fri Dec 23 01:28:03 PM -05 2022
----- HmT-Mats SYNC COMPLETE
Fri Dec 23 01:28:05 PM -05 2022
----- obs-media SYNC COMPLETE
Fri Dec 23 01:28:08 PM -05 2022
----- peruvian-taxes SYNC COMPLETE
Sat Dec 24 12:00:06 AM -05 2022
----- Obsidian BACKUP COMPLETE
Sat Dec 24 12:00:09 AM -05 2022
----- HmT-Mats BACKUP COMPLETE
Sat Dec 24 12:00:10 AM -05 2022
----- obs-media BACKUP COMPLETE
Sat Dec 24 12:00:13 AM -05 2022
----- peruvian-taxes BACKUP COMPLETE
Sun Dec 25 12:00:06 AM -05 2022
----- Obsidian BACKUP COMPLETE
Sun Dec 25 12:00:09 AM -05 2022
----- HmT-Mats BACKUP COMPLETE
Sun Dec 25 12:00:11 AM -05 2022
----- obs-media BACKUP COMPLETE
Sun Dec 25 12:00:14 AM -05 2022
----- peruvian-taxes BACKUP COMPLETE
Tue Dec 27 12:00:12 AM -05 2022
----- Obsidian BACKUP COMPLETE
Tue Dec 27 12:00:16 AM -05 2022
----- HmT-Mats BACKUP COMPLETE
Tue Dec 27 12:00:18 AM -05 2022
----- obs-media BACKUP COMPLETE
Tue Dec 27 12:00:21 AM -05 2022
----- peruvian-taxes BACKUP COMPLETE
Wed Dec 28 12:00:06 AM -05 2022
----- Obsidian BACKUP COMPLETE
Wed Dec 28 12:00:11 AM -05 2022
----- HmT-Mats BACKUP COMPLETE
Wed Dec 28 12:00:13 AM -05 2022
----- obs-media BACKUP COMPLETE
Wed Dec 28 12:00:16 AM -05 2022
----- peruvian-taxes BACKUP COMPLETE
